<?xml version="1.0" encoding="UTF-8"?>
<!-- Generated by org.testng.reporters.JUnitReportReporter -->
<testsuite hostname="IN5CG9292KMD" failures="0" tests="2" name="testNGAssertion.NormalValidation" time="0.015" errors="0" timestamp="2020-03-04T13:05:02 IST" skipped="0">
  <testcase classname="testNGAssertion.NormalValidation" name="positiveTest" time="0.002"/>
  <testcase classname="testNGAssertion.NormalValidation" name="negativeTest" time="0.013"/>
</testsuite> <!-- testNGAssertion.NormalValidation -->
