<?xml version="1.0" encoding="UTF-8"?>
<!-- Generated by org.testng.reporters.JUnitReportReporter -->
<testsuite hostname="IN5CG9292KMD" failures="0" tests="2" name="testNGSession.TestAnnotationDependsMethodAttribute" time="0.028" errors="0" timestamp="2020-03-04T12:39:18 IST" skipped="0">
  <testcase classname="testNGSession.TestAnnotationDependsMethodAttribute" name="secondTest" time="0.024"/>
  <testcase classname="testNGSession.TestAnnotationDependsMethodAttribute" name="firstTest" time="0.004"/>
</testsuite> <!-- testNGSession.TestAnnotationDependsMethodAttribute -->
