<?xml version="1.0" encoding="UTF-8"?>
<!-- Generated by org.testng.reporters.JUnitReportReporter -->
<testsuite hostname="IN5CG9292KMD" failures="0" tests="6" name="testNGSession.TestAnnotation" time="0.044" errors="0" timestamp="2020-03-04T12:37:14 IST" skipped="0">
  <testcase classname="testNGSession.TestAnnotation" name="secondTest" time="0.006"/>
  <testcase classname="testNGSession.TestAnnotation" name="sixthTest" time="0.003"/>
  <testcase classname="testNGSession.TestAnnotation" name="thirdTest" time="0.003"/>
  <testcase classname="testNGSession.TestAnnotation" name="firstTest" time="0.003"/>
  <testcase classname="testNGSession.TestAnnotation" name="fifthTest" time="0.025"/>
  <testcase classname="testNGSession.TestAnnotation" name="fourthTest" time="0.004"/>
</testsuite> <!-- testNGSession.TestAnnotation -->
