<?xml version="1.0" encoding="UTF-8"?>
<!-- Generated by org.testng.reporters.JUnitReportReporter -->
<testsuite hostname="IN5CG9292KMD" failures="0" tests="1" name="seleniumSessions.WebTableHandling" time="13.146" errors="0" timestamp="2020-03-11T22:20:05 IST" skipped="0">
  <testcase classname="seleniumSessions.WebTableHandling" name="webTableHandling" time="13.146"/>
</testsuite> <!-- seleniumSessions.WebTableHandling -->
