<?xml version="1.0" encoding="UTF-8"?>
<!-- Generated by org.testng.reporters.JUnitReportReporter -->
<testsuite hostname="IN5CG9292KMD" failures="0" tests="1" name="seleniumSessions.DragAndDropFrameHandling" time="19.691" errors="0" timestamp="2020-03-10T22:02:18 IST" skipped="0">
  <testcase classname="seleniumSessions.DragAndDropFrameHandling" name="dragDropFrameHandling" time="19.691"/>
</testsuite> <!-- seleniumSessions.DragAndDropFrameHandling -->
