<?xml version="1.0" encoding="UTF-8"?>
<!-- Generated by org.testng.reporters.JUnitReportReporter -->
<testsuite hostname="IN5CG9292KMD" failures="0" tests="1" name="seleniumSessions.SingleSelectDropdown" time="21.145" errors="0" timestamp="2020-03-10T22:51:57 IST" skipped="0">
  <testcase classname="seleniumSessions.SingleSelectDropdown" name="singleSelectDropdown" time="21.145"/>
</testsuite> <!-- seleniumSessions.SingleSelectDropdown -->
