<?xml version="1.0" encoding="UTF-8"?>
<!-- Generated by org.testng.reporters.JUnitReportReporter -->
<testsuite hostname="IN5CG9292KMD" failures="0" tests="1" name="seleniumSessions.MultipleSelectList" time="15.181" errors="0" timestamp="2020-03-10T23:12:12 IST" skipped="0">
  <testcase classname="seleniumSessions.MultipleSelectList" name="multipleSelectList" time="15.181"/>
</testsuite> <!-- seleniumSessions.MultipleSelectList -->
