<?xml version="1.0" encoding="UTF-8"?>
<!-- Generated by org.testng.reporters.JUnitReportReporter -->
<testsuite hostname="IN5CG9292KMD" failures="0" tests="1" name="seleniumSessions.TakingScreenshot" time="8.634" errors="0" timestamp="2020-03-10T23:48:31 IST" skipped="0">
  <testcase classname="seleniumSessions.TakingScreenshot" name="takeingScreenshot" time="8.634"/>
</testsuite> <!-- seleniumSessions.TakingScreenshot -->
