<?xml version="1.0" encoding="UTF-8"?>
<!-- Generated by org.testng.reporters.JUnitReportReporter -->
<testsuite hostname="IN5CG9292KMD" failures="0" tests="1" name="seleniumSessions.MouseHoverWindowHandling" time="40.361" errors="0" timestamp="2020-03-11T22:56:58 IST" skipped="0">
  <testcase classname="seleniumSessions.MouseHoverWindowHandling" name="mouseHoverWindowHandling" time="40.361"/>
</testsuite> <!-- seleniumSessions.MouseHoverWindowHandling -->
