<?xml version="1.0" encoding="UTF-8"?>
<!-- Generated by org.testng.reporters.JUnitReportReporter -->
<testsuite hostname="IN5CG9292KMD" failures="0" tests="1" name="seleniumSessions.ChromeBrowserHandling" time="11.253" errors="0" timestamp="2020-03-10T22:21:00 IST" skipped="0">
  <testcase classname="seleniumSessions.ChromeBrowserHandling" name="chromeBrowser" time="11.253"/>
</testsuite> <!-- seleniumSessions.ChromeBrowserHandling -->
