<?xml version="1.0" encoding="UTF-8"?>
<!-- Generated by org.testng.reporters.JUnitReportReporter -->
<testsuite hostname="IN5CG9292KMD" failures="0" tests="1" name="seleniumSessions.ChromeHeadless" time="9.750" errors="0" timestamp="2020-03-09T10:33:34 IST" skipped="0">
  <testcase classname="seleniumSessions.ChromeHeadless" name="chromeHeadless" time="9.750"/>
</testsuite> <!-- seleniumSessions.ChromeHeadless -->
