<?xml version="1.0" encoding="UTF-8"?>
<!-- Generated by org.testng.reporters.JUnitReportReporter -->
<testsuite hostname="IN5CG9292KMD" failures="0" tests="1" name="seleniumSessions.ExcelReadWrite" time="1.486" errors="0" timestamp="2020-03-14T21:56:41 IST" skipped="0">
  <testcase classname="seleniumSessions.ExcelReadWrite" name="excelReadWrite" time="1.486"/>
</testsuite> <!-- seleniumSessions.ExcelReadWrite -->
